d:\codeplex\web2010\App_Code\article_info.vb
d:\codeplex\web2010\wpmgen\article_list.aspx
d:\codeplex\web2010\wpmgen\article_list.aspx.vb
d:\codeplex\web2010\wpmgen\article_add.aspx
d:\codeplex\web2010\wpmgen\article_add.aspx.vb
d:\codeplex\web2010\wpmgen\article_edit.aspx
d:\codeplex\web2010\wpmgen\article_edit.aspx.vb
d:\codeplex\web2010\wpmgen\article_delete.aspx
d:\codeplex\web2010\wpmgen\article_delete.aspx.vb
d:\codeplex\web2010\wpmgen\article_srch.aspx
d:\codeplex\web2010\wpmgen\article_srch.aspx.vb
d:\codeplex\web2010\wpmgen\article_preview.aspx
d:\codeplex\web2010\wpmgen\article_preview.aspx.vb
d:\codeplex\web2010\App_Code\company_info.vb
d:\codeplex\web2010\wpmgen\company_master.ascx
d:\codeplex\web2010\wpmgen\company_master.ascx.vb
d:\codeplex\web2010\wpmgen\company_list.aspx
d:\codeplex\web2010\wpmgen\company_list.aspx.vb
d:\codeplex\web2010\wpmgen\company_add.aspx
d:\codeplex\web2010\wpmgen\company_add.aspx.vb
d:\codeplex\web2010\wpmgen\company_edit.aspx
d:\codeplex\web2010\wpmgen\company_edit.aspx.vb
d:\codeplex\web2010\wpmgen\company_delete.aspx
d:\codeplex\web2010\wpmgen\company_delete.aspx.vb
d:\codeplex\web2010\wpmgen\company_srch.aspx
d:\codeplex\web2010\wpmgen\company_srch.aspx.vb
d:\codeplex\web2010\App_Code\contact_info.vb
d:\codeplex\web2010\wpmgen\contact_list.aspx
d:\codeplex\web2010\wpmgen\contact_list.aspx.vb
d:\codeplex\web2010\wpmgen\contact_add.aspx
d:\codeplex\web2010\wpmgen\contact_add.aspx.vb
d:\codeplex\web2010\wpmgen\contact_edit.aspx
d:\codeplex\web2010\wpmgen\contact_edit.aspx.vb
d:\codeplex\web2010\wpmgen\contact_delete.aspx
d:\codeplex\web2010\wpmgen\contact_delete.aspx.vb
d:\codeplex\web2010\wpmgen\contact_srch.aspx
d:\codeplex\web2010\wpmgen\contact_srch.aspx.vb
d:\codeplex\web2010\App_Code\group_info.vb
d:\codeplex\web2010\wpmgen\group_list.aspx
d:\codeplex\web2010\wpmgen\group_list.aspx.vb
d:\codeplex\web2010\wpmgen\group_add.aspx
d:\codeplex\web2010\wpmgen\group_add.aspx.vb
d:\codeplex\web2010\wpmgen\group_edit.aspx
d:\codeplex\web2010\wpmgen\group_edit.aspx.vb
d:\codeplex\web2010\wpmgen\group_delete.aspx
d:\codeplex\web2010\wpmgen\group_delete.aspx.vb
d:\codeplex\web2010\wpmgen\group_srch.aspx
d:\codeplex\web2010\wpmgen\group_srch.aspx.vb
d:\codeplex\web2010\App_Code\image_info.vb
d:\codeplex\web2010\wpmgen\image_master.ascx
d:\codeplex\web2010\wpmgen\image_master.ascx.vb
d:\codeplex\web2010\wpmgen\image_list.aspx
d:\codeplex\web2010\wpmgen\image_list.aspx.vb
d:\codeplex\web2010\wpmgen\image_add.aspx
d:\codeplex\web2010\wpmgen\image_add.aspx.vb
d:\codeplex\web2010\wpmgen\image_edit.aspx
d:\codeplex\web2010\wpmgen\image_edit.aspx.vb
d:\codeplex\web2010\wpmgen\image_delete.aspx
d:\codeplex\web2010\wpmgen\image_delete.aspx.vb
d:\codeplex\web2010\wpmgen\image_srch.aspx
d:\codeplex\web2010\wpmgen\image_srch.aspx.vb
d:\codeplex\web2010\wpmgen\image_preview.aspx
d:\codeplex\web2010\wpmgen\image_preview.aspx.vb
d:\codeplex\web2010\App_Code\link_info.vb
d:\codeplex\web2010\wpmgen\link_list.aspx
d:\codeplex\web2010\wpmgen\link_list.aspx.vb
d:\codeplex\web2010\wpmgen\link_add.aspx
d:\codeplex\web2010\wpmgen\link_add.aspx.vb
d:\codeplex\web2010\wpmgen\link_edit.aspx
d:\codeplex\web2010\wpmgen\link_edit.aspx.vb
d:\codeplex\web2010\wpmgen\link_delete.aspx
d:\codeplex\web2010\wpmgen\link_delete.aspx.vb
d:\codeplex\web2010\wpmgen\link_srch.aspx
d:\codeplex\web2010\wpmgen\link_srch.aspx.vb
d:\codeplex\web2010\wpmgen\link_preview.aspx
d:\codeplex\web2010\wpmgen\link_preview.aspx.vb
d:\codeplex\web2010\App_Code\linkcategory_info.vb
d:\codeplex\web2010\wpmgen\linkcategory_master.ascx
d:\codeplex\web2010\wpmgen\linkcategory_master.ascx.vb
d:\codeplex\web2010\wpmgen\linkcategory_list.aspx
d:\codeplex\web2010\wpmgen\linkcategory_list.aspx.vb
d:\codeplex\web2010\wpmgen\linkcategory_add.aspx
d:\codeplex\web2010\wpmgen\linkcategory_add.aspx.vb
d:\codeplex\web2010\wpmgen\linkcategory_edit.aspx
d:\codeplex\web2010\wpmgen\linkcategory_edit.aspx.vb
d:\codeplex\web2010\wpmgen\linkcategory_delete.aspx
d:\codeplex\web2010\wpmgen\linkcategory_delete.aspx.vb
d:\codeplex\web2010\wpmgen\linkcategory_srch.aspx
d:\codeplex\web2010\wpmgen\linkcategory_srch.aspx.vb
d:\codeplex\web2010\App_Code\linkrank_info.vb
d:\codeplex\web2010\wpmgen\linkrank_list.aspx
d:\codeplex\web2010\wpmgen\linkrank_list.aspx.vb
d:\codeplex\web2010\wpmgen\linkrank_add.aspx
d:\codeplex\web2010\wpmgen\linkrank_add.aspx.vb
d:\codeplex\web2010\wpmgen\linkrank_edit.aspx
d:\codeplex\web2010\wpmgen\linkrank_edit.aspx.vb
d:\codeplex\web2010\wpmgen\linkrank_delete.aspx
d:\codeplex\web2010\wpmgen\linkrank_delete.aspx.vb
d:\codeplex\web2010\wpmgen\linkrank_srch.aspx
d:\codeplex\web2010\wpmgen\linkrank_srch.aspx.vb
d:\codeplex\web2010\App_Code\linktype_info.vb
d:\codeplex\web2010\wpmgen\linktype_master.ascx
d:\codeplex\web2010\wpmgen\linktype_master.ascx.vb
d:\codeplex\web2010\wpmgen\linktype_list.aspx
d:\codeplex\web2010\wpmgen\linktype_list.aspx.vb
d:\codeplex\web2010\wpmgen\linktype_add.aspx
d:\codeplex\web2010\wpmgen\linktype_add.aspx.vb
d:\codeplex\web2010\wpmgen\linktype_edit.aspx
d:\codeplex\web2010\wpmgen\linktype_edit.aspx.vb
d:\codeplex\web2010\wpmgen\linktype_delete.aspx
d:\codeplex\web2010\wpmgen\linktype_delete.aspx.vb
d:\codeplex\web2010\wpmgen\linktype_srch.aspx
d:\codeplex\web2010\wpmgen\linktype_srch.aspx.vb
d:\codeplex\web2010\App_Code\zpage_info.vb
d:\codeplex\web2010\wpmgen\zpage_master.ascx
d:\codeplex\web2010\wpmgen\zpage_master.ascx.vb
d:\codeplex\web2010\wpmgen\zpage_list.aspx
d:\codeplex\web2010\wpmgen\zpage_list.aspx.vb
d:\codeplex\web2010\wpmgen\zpage_add.aspx
d:\codeplex\web2010\wpmgen\zpage_add.aspx.vb
d:\codeplex\web2010\wpmgen\zpage_edit.aspx
d:\codeplex\web2010\wpmgen\zpage_edit.aspx.vb
d:\codeplex\web2010\wpmgen\zpage_delete.aspx
d:\codeplex\web2010\wpmgen\zpage_delete.aspx.vb
d:\codeplex\web2010\wpmgen\zpage_srch.aspx
d:\codeplex\web2010\wpmgen\zpage_srch.aspx.vb
d:\codeplex\web2010\wpmgen\zpage_preview.aspx
d:\codeplex\web2010\wpmgen\zpage_preview.aspx.vb
d:\codeplex\web2010\App_Code\pagealias_info.vb
d:\codeplex\web2010\wpmgen\pagealias_list.aspx
d:\codeplex\web2010\wpmgen\pagealias_list.aspx.vb
d:\codeplex\web2010\wpmgen\pagealias_add.aspx
d:\codeplex\web2010\wpmgen\pagealias_add.aspx.vb
d:\codeplex\web2010\wpmgen\pagealias_edit.aspx
d:\codeplex\web2010\wpmgen\pagealias_edit.aspx.vb
d:\codeplex\web2010\wpmgen\pagealias_delete.aspx
d:\codeplex\web2010\wpmgen\pagealias_delete.aspx.vb
d:\codeplex\web2010\wpmgen\pagealias_srch.aspx
d:\codeplex\web2010\wpmgen\pagealias_srch.aspx.vb
d:\codeplex\web2010\wpmgen\pagealias_preview.aspx
d:\codeplex\web2010\wpmgen\pagealias_preview.aspx.vb
d:\codeplex\web2010\App_Code\pageimage_info.vb
d:\codeplex\web2010\wpmgen\pageimage_list.aspx
d:\codeplex\web2010\wpmgen\pageimage_list.aspx.vb
d:\codeplex\web2010\wpmgen\pageimage_add.aspx
d:\codeplex\web2010\wpmgen\pageimage_add.aspx.vb
d:\codeplex\web2010\wpmgen\pageimage_edit.aspx
d:\codeplex\web2010\wpmgen\pageimage_edit.aspx.vb
d:\codeplex\web2010\wpmgen\pageimage_delete.aspx
d:\codeplex\web2010\wpmgen\pageimage_delete.aspx.vb
d:\codeplex\web2010\wpmgen\pageimage_srch.aspx
d:\codeplex\web2010\wpmgen\pageimage_srch.aspx.vb
d:\codeplex\web2010\wpmgen\pageimage_preview.aspx
d:\codeplex\web2010\wpmgen\pageimage_preview.aspx.vb
d:\codeplex\web2010\App_Code\pagerole_info.vb
d:\codeplex\web2010\wpmgen\pagerole_list.aspx
d:\codeplex\web2010\wpmgen\pagerole_list.aspx.vb
d:\codeplex\web2010\wpmgen\pagerole_add.aspx
d:\codeplex\web2010\wpmgen\pagerole_add.aspx.vb
d:\codeplex\web2010\wpmgen\pagerole_edit.aspx
d:\codeplex\web2010\wpmgen\pagerole_edit.aspx.vb
d:\codeplex\web2010\wpmgen\pagerole_delete.aspx
d:\codeplex\web2010\wpmgen\pagerole_delete.aspx.vb
d:\codeplex\web2010\wpmgen\pagerole_srch.aspx
d:\codeplex\web2010\wpmgen\pagerole_srch.aspx.vb
d:\codeplex\web2010\App_Code\pagetype_info.vb
d:\codeplex\web2010\wpmgen\pagetype_list.aspx
d:\codeplex\web2010\wpmgen\pagetype_list.aspx.vb
d:\codeplex\web2010\wpmgen\pagetype_add.aspx
d:\codeplex\web2010\wpmgen\pagetype_add.aspx.vb
d:\codeplex\web2010\wpmgen\pagetype_edit.aspx
d:\codeplex\web2010\wpmgen\pagetype_edit.aspx.vb
d:\codeplex\web2010\wpmgen\pagetype_delete.aspx
d:\codeplex\web2010\wpmgen\pagetype_delete.aspx.vb
d:\codeplex\web2010\wpmgen\pagetype_srch.aspx
d:\codeplex\web2010\wpmgen\pagetype_srch.aspx.vb
d:\codeplex\web2010\App_Code\role_info.vb
d:\codeplex\web2010\wpmgen\role_list.aspx
d:\codeplex\web2010\wpmgen\role_list.aspx.vb
d:\codeplex\web2010\wpmgen\role_add.aspx
d:\codeplex\web2010\wpmgen\role_add.aspx.vb
d:\codeplex\web2010\wpmgen\role_edit.aspx
d:\codeplex\web2010\wpmgen\role_edit.aspx.vb
d:\codeplex\web2010\wpmgen\role_delete.aspx
d:\codeplex\web2010\wpmgen\role_delete.aspx.vb
d:\codeplex\web2010\wpmgen\role_srch.aspx
d:\codeplex\web2010\wpmgen\role_srch.aspx.vb
d:\codeplex\web2010\App_Code\sitecategory_info.vb
d:\codeplex\web2010\wpmgen\sitecategory_list.aspx
d:\codeplex\web2010\wpmgen\sitecategory_list.aspx.vb
d:\codeplex\web2010\wpmgen\sitecategory_add.aspx
d:\codeplex\web2010\wpmgen\sitecategory_add.aspx.vb
d:\codeplex\web2010\wpmgen\sitecategory_edit.aspx
d:\codeplex\web2010\wpmgen\sitecategory_edit.aspx.vb
d:\codeplex\web2010\wpmgen\sitecategory_delete.aspx
d:\codeplex\web2010\wpmgen\sitecategory_delete.aspx.vb
d:\codeplex\web2010\wpmgen\sitecategory_srch.aspx
d:\codeplex\web2010\wpmgen\sitecategory_srch.aspx.vb
d:\codeplex\web2010\App_Code\sitecategorygroup_info.vb
d:\codeplex\web2010\wpmgen\sitecategorygroup_list.aspx
d:\codeplex\web2010\wpmgen\sitecategorygroup_list.aspx.vb
d:\codeplex\web2010\wpmgen\sitecategorygroup_add.aspx
d:\codeplex\web2010\wpmgen\sitecategorygroup_add.aspx.vb
d:\codeplex\web2010\wpmgen\sitecategorygroup_edit.aspx
d:\codeplex\web2010\wpmgen\sitecategorygroup_edit.aspx.vb
d:\codeplex\web2010\wpmgen\sitecategorygroup_delete.aspx
d:\codeplex\web2010\wpmgen\sitecategorygroup_delete.aspx.vb
d:\codeplex\web2010\wpmgen\sitecategorygroup_srch.aspx
d:\codeplex\web2010\wpmgen\sitecategorygroup_srch.aspx.vb
d:\codeplex\web2010\App_Code\sitecategorytype_info.vb
d:\codeplex\web2010\wpmgen\sitecategorytype_list.aspx
d:\codeplex\web2010\wpmgen\sitecategorytype_list.aspx.vb
d:\codeplex\web2010\wpmgen\sitecategorytype_add.aspx
d:\codeplex\web2010\wpmgen\sitecategorytype_add.aspx.vb
d:\codeplex\web2010\wpmgen\sitecategorytype_edit.aspx
d:\codeplex\web2010\wpmgen\sitecategorytype_edit.aspx.vb
d:\codeplex\web2010\wpmgen\sitecategorytype_delete.aspx
d:\codeplex\web2010\wpmgen\sitecategorytype_delete.aspx.vb
d:\codeplex\web2010\wpmgen\sitecategorytype_srch.aspx
d:\codeplex\web2010\wpmgen\sitecategorytype_srch.aspx.vb
d:\codeplex\web2010\App_Code\sitelink_info.vb
d:\codeplex\web2010\wpmgen\sitelink_list.aspx
d:\codeplex\web2010\wpmgen\sitelink_list.aspx.vb
d:\codeplex\web2010\wpmgen\sitelink_add.aspx
d:\codeplex\web2010\wpmgen\sitelink_add.aspx.vb
d:\codeplex\web2010\wpmgen\sitelink_edit.aspx
d:\codeplex\web2010\wpmgen\sitelink_edit.aspx.vb
d:\codeplex\web2010\wpmgen\sitelink_delete.aspx
d:\codeplex\web2010\wpmgen\sitelink_delete.aspx.vb
d:\codeplex\web2010\wpmgen\sitelink_srch.aspx
d:\codeplex\web2010\wpmgen\sitelink_srch.aspx.vb
d:\codeplex\web2010\App_Code\siteparametertype_info.vb
d:\codeplex\web2010\wpmgen\siteparametertype_list.aspx
d:\codeplex\web2010\wpmgen\siteparametertype_list.aspx.vb
d:\codeplex\web2010\wpmgen\siteparametertype_add.aspx
d:\codeplex\web2010\wpmgen\siteparametertype_add.aspx.vb
d:\codeplex\web2010\wpmgen\siteparametertype_edit.aspx
d:\codeplex\web2010\wpmgen\siteparametertype_edit.aspx.vb
d:\codeplex\web2010\wpmgen\siteparametertype_delete.aspx
d:\codeplex\web2010\wpmgen\siteparametertype_delete.aspx.vb
d:\codeplex\web2010\wpmgen\siteparametertype_srch.aspx
d:\codeplex\web2010\wpmgen\siteparametertype_srch.aspx.vb
d:\codeplex\web2010\App_Code\sitetemplate_info.vb
d:\codeplex\web2010\wpmgen\sitetemplate_list.aspx
d:\codeplex\web2010\wpmgen\sitetemplate_list.aspx.vb
d:\codeplex\web2010\wpmgen\sitetemplate_add.aspx
d:\codeplex\web2010\wpmgen\sitetemplate_add.aspx.vb
d:\codeplex\web2010\wpmgen\sitetemplate_edit.aspx
d:\codeplex\web2010\wpmgen\sitetemplate_edit.aspx.vb
d:\codeplex\web2010\wpmgen\sitetemplate_delete.aspx
d:\codeplex\web2010\wpmgen\sitetemplate_delete.aspx.vb
d:\codeplex\web2010\wpmgen\sitetemplate_srch.aspx
d:\codeplex\web2010\wpmgen\sitetemplate_srch.aspx.vb
d:\codeplex\web2010\wpmgen\wpmwebsite.css
d:\codeplex\web2010\wpmgen\js\ewx8.js
d:\codeplex\web2010\App_Code\ewcfg8.vb
d:\codeplex\web2010\App_Code\ewglobal8.vb
d:\codeplex\web2010\wpmgen\masterpage.master
d:\codeplex\web2010\wpmgen\masterpage.master.vb
d:\codeplex\web2010\wpmgen\ewmenu.ascx
d:\codeplex\web2010\wpmgen\ewmenu.ascx.vb
d:\codeplex\web2010\App_Code\aspxfn8.vb
d:\codeplex\web2010\wpmgen\js\userfnx8.js
d:\codeplex\web2010\wpmgen\ewbv8.aspx
d:\codeplex\web2010\wpmgen\ewbv8.aspx.vb
d:\codeplex\web2010\wpmgen\ewlookup8.aspx
d:\codeplex\web2010\wpmgen\ewlookup8.aspx.vb
d:\codeplex\web2010\wpmgen\ewemail.ascx
d:\codeplex\web2010\wpmgen\ewemail.ascx.vb
d:\codeplex\web2010\wpmgen\default.aspx
d:\codeplex\web2010\wpmgen\default.aspx.vb