C:\Hosting\mhweb\App_Code\article_bll.vb
C:\Hosting\mhweb\App_Code\article_bll_base.vb
C:\Hosting\mhweb\App_Code\article_inf.vb
C:\Hosting\mhweb\App_Code\article_key.vb
C:\Hosting\mhweb\App_Code\article_dal.vb
C:\Hosting\mhweb\App_Code\article_row.vb
C:\Hosting\mhweb\App_Code\article_inf_base.vb
C:\Hosting\mhweb\App_Code\article_key_base.vb
C:\Hosting\mhweb\App_Code\article_dal_base.vb
C:\Hosting\mhweb\App_Code\article_row_base.vb
C:\Hosting\mhweb\aspmaker\article_list.aspx
C:\Hosting\mhweb\aspmaker\article_add.aspx
C:\Hosting\mhweb\aspmaker\article_edit.aspx
C:\Hosting\mhweb\aspmaker\article_delete.aspx
C:\Hosting\mhweb\aspmaker\article_search.aspx
C:\Hosting\mhweb\App_Code\company_bll.vb
C:\Hosting\mhweb\App_Code\company_bll_base.vb
C:\Hosting\mhweb\App_Code\company_inf.vb
C:\Hosting\mhweb\App_Code\company_key.vb
C:\Hosting\mhweb\App_Code\company_dal.vb
C:\Hosting\mhweb\App_Code\company_row.vb
C:\Hosting\mhweb\App_Code\company_inf_base.vb
C:\Hosting\mhweb\App_Code\company_key_base.vb
C:\Hosting\mhweb\App_Code\company_dal_base.vb
C:\Hosting\mhweb\App_Code\company_row_base.vb
C:\Hosting\mhweb\aspmaker\company_list.aspx
C:\Hosting\mhweb\aspmaker\company_add.aspx
C:\Hosting\mhweb\aspmaker\company_edit.aspx
C:\Hosting\mhweb\aspmaker\company_delete.aspx
C:\Hosting\mhweb\aspmaker\company_search.aspx
C:\Hosting\mhweb\App_Code\contact_bll.vb
C:\Hosting\mhweb\App_Code\contact_bll_base.vb
C:\Hosting\mhweb\App_Code\contact_inf.vb
C:\Hosting\mhweb\App_Code\contact_key.vb
C:\Hosting\mhweb\App_Code\contact_dal.vb
C:\Hosting\mhweb\App_Code\contact_row.vb
C:\Hosting\mhweb\App_Code\contact_inf_base.vb
C:\Hosting\mhweb\App_Code\contact_key_base.vb
C:\Hosting\mhweb\App_Code\contact_dal_base.vb
C:\Hosting\mhweb\App_Code\contact_row_base.vb
C:\Hosting\mhweb\aspmaker\contact_list.aspx
C:\Hosting\mhweb\aspmaker\contact_add.aspx
C:\Hosting\mhweb\aspmaker\contact_edit.aspx
C:\Hosting\mhweb\aspmaker\contact_delete.aspx
C:\Hosting\mhweb\aspmaker\contact_search.aspx
C:\Hosting\mhweb\App_Code\group_bll.vb
C:\Hosting\mhweb\App_Code\group_bll_base.vb
C:\Hosting\mhweb\App_Code\group_inf.vb
C:\Hosting\mhweb\App_Code\group_key.vb
C:\Hosting\mhweb\App_Code\group_dal.vb
C:\Hosting\mhweb\App_Code\group_row.vb
C:\Hosting\mhweb\App_Code\group_inf_base.vb
C:\Hosting\mhweb\App_Code\group_key_base.vb
C:\Hosting\mhweb\App_Code\group_dal_base.vb
C:\Hosting\mhweb\App_Code\group_row_base.vb
C:\Hosting\mhweb\aspmaker\group_list.aspx
C:\Hosting\mhweb\aspmaker\group_add.aspx
C:\Hosting\mhweb\aspmaker\group_delete.aspx
C:\Hosting\mhweb\App_Code\image_bll.vb
C:\Hosting\mhweb\App_Code\image_bll_base.vb
C:\Hosting\mhweb\App_Code\image_inf.vb
C:\Hosting\mhweb\App_Code\image_key.vb
C:\Hosting\mhweb\App_Code\image_dal.vb
C:\Hosting\mhweb\App_Code\image_row.vb
C:\Hosting\mhweb\App_Code\image_inf_base.vb
C:\Hosting\mhweb\App_Code\image_key_base.vb
C:\Hosting\mhweb\App_Code\image_dal_base.vb
C:\Hosting\mhweb\App_Code\image_row_base.vb
C:\Hosting\mhweb\aspmaker\image_list.aspx
C:\Hosting\mhweb\aspmaker\image_add.aspx
C:\Hosting\mhweb\aspmaker\image_edit.aspx
C:\Hosting\mhweb\aspmaker\image_delete.aspx
C:\Hosting\mhweb\aspmaker\image_search.aspx
C:\Hosting\mhweb\App_Code\link_bll.vb
C:\Hosting\mhweb\App_Code\link_bll_base.vb
C:\Hosting\mhweb\App_Code\link_inf.vb
C:\Hosting\mhweb\App_Code\link_key.vb
C:\Hosting\mhweb\App_Code\link_dal.vb
C:\Hosting\mhweb\App_Code\link_row.vb
C:\Hosting\mhweb\App_Code\link_inf_base.vb
C:\Hosting\mhweb\App_Code\link_key_base.vb
C:\Hosting\mhweb\App_Code\link_dal_base.vb
C:\Hosting\mhweb\App_Code\link_row_base.vb
C:\Hosting\mhweb\aspmaker\link_list.aspx
C:\Hosting\mhweb\aspmaker\link_add.aspx
C:\Hosting\mhweb\aspmaker\link_edit.aspx
C:\Hosting\mhweb\aspmaker\link_delete.aspx
C:\Hosting\mhweb\aspmaker\link_search.aspx
C:\Hosting\mhweb\App_Code\linkcategory_bll.vb
C:\Hosting\mhweb\App_Code\linkcategory_bll_base.vb
C:\Hosting\mhweb\App_Code\linkcategory_inf.vb
C:\Hosting\mhweb\App_Code\linkcategory_key.vb
C:\Hosting\mhweb\App_Code\linkcategory_dal.vb
C:\Hosting\mhweb\App_Code\linkcategory_row.vb
C:\Hosting\mhweb\App_Code\linkcategory_inf_base.vb
C:\Hosting\mhweb\App_Code\linkcategory_key_base.vb
C:\Hosting\mhweb\App_Code\linkcategory_dal_base.vb
C:\Hosting\mhweb\App_Code\linkcategory_row_base.vb
C:\Hosting\mhweb\aspmaker\linkcategory_list.aspx
C:\Hosting\mhweb\aspmaker\linkcategory_add.aspx
C:\Hosting\mhweb\aspmaker\linkcategory_edit.aspx
C:\Hosting\mhweb\aspmaker\linkcategory_delete.aspx
C:\Hosting\mhweb\App_Code\linkrank_bll.vb
C:\Hosting\mhweb\App_Code\linkrank_bll_base.vb
C:\Hosting\mhweb\App_Code\linkrank_inf.vb
C:\Hosting\mhweb\App_Code\linkrank_key.vb
C:\Hosting\mhweb\App_Code\linkrank_dal.vb
C:\Hosting\mhweb\App_Code\linkrank_row.vb
C:\Hosting\mhweb\App_Code\linkrank_inf_base.vb
C:\Hosting\mhweb\App_Code\linkrank_key_base.vb
C:\Hosting\mhweb\App_Code\linkrank_dal_base.vb
C:\Hosting\mhweb\App_Code\linkrank_row_base.vb
C:\Hosting\mhweb\aspmaker\linkrank_list.aspx
C:\Hosting\mhweb\aspmaker\linkrank_add.aspx
C:\Hosting\mhweb\aspmaker\linkrank_edit.aspx
C:\Hosting\mhweb\aspmaker\linkrank_delete.aspx
C:\Hosting\mhweb\App_Code\linktype_bll.vb
C:\Hosting\mhweb\App_Code\linktype_bll_base.vb
C:\Hosting\mhweb\App_Code\linktype_inf.vb
C:\Hosting\mhweb\App_Code\linktype_key.vb
C:\Hosting\mhweb\App_Code\linktype_dal.vb
C:\Hosting\mhweb\App_Code\linktype_row.vb
C:\Hosting\mhweb\App_Code\linktype_inf_base.vb
C:\Hosting\mhweb\App_Code\linktype_key_base.vb
C:\Hosting\mhweb\App_Code\linktype_dal_base.vb
C:\Hosting\mhweb\App_Code\linktype_row_base.vb
C:\Hosting\mhweb\aspmaker\linktype_list.aspx
C:\Hosting\mhweb\aspmaker\linktype_add.aspx
C:\Hosting\mhweb\aspmaker\linktype_delete.aspx
C:\Hosting\mhweb\App_Code\page_bll.vb
C:\Hosting\mhweb\App_Code\page_bll_base.vb
C:\Hosting\mhweb\App_Code\page_inf.vb
C:\Hosting\mhweb\App_Code\page_key.vb
C:\Hosting\mhweb\App_Code\page_dal.vb
C:\Hosting\mhweb\App_Code\page_row.vb
C:\Hosting\mhweb\App_Code\page_inf_base.vb
C:\Hosting\mhweb\App_Code\page_key_base.vb
C:\Hosting\mhweb\App_Code\page_dal_base.vb
C:\Hosting\mhweb\App_Code\page_row_base.vb
C:\Hosting\mhweb\aspmaker\page_list.aspx
C:\Hosting\mhweb\aspmaker\page_add.aspx
C:\Hosting\mhweb\aspmaker\page_edit.aspx
C:\Hosting\mhweb\aspmaker\page_delete.aspx
C:\Hosting\mhweb\aspmaker\page_search.aspx
C:\Hosting\mhweb\App_Code\pageimage_bll.vb
C:\Hosting\mhweb\App_Code\pageimage_bll_base.vb
C:\Hosting\mhweb\App_Code\pageimage_inf.vb
C:\Hosting\mhweb\App_Code\pageimage_key.vb
C:\Hosting\mhweb\App_Code\pageimage_dal.vb
C:\Hosting\mhweb\App_Code\pageimage_row.vb
C:\Hosting\mhweb\App_Code\pageimage_inf_base.vb
C:\Hosting\mhweb\App_Code\pageimage_key_base.vb
C:\Hosting\mhweb\App_Code\pageimage_dal_base.vb
C:\Hosting\mhweb\App_Code\pageimage_row_base.vb
C:\Hosting\mhweb\aspmaker\pageimage_list.aspx
C:\Hosting\mhweb\aspmaker\pageimage_add.aspx
C:\Hosting\mhweb\aspmaker\pageimage_edit.aspx
C:\Hosting\mhweb\aspmaker\pageimage_delete.aspx
C:\Hosting\mhweb\aspmaker\pageimage_search.aspx
C:\Hosting\mhweb\App_Code\pagerole_bll.vb
C:\Hosting\mhweb\App_Code\pagerole_bll_base.vb
C:\Hosting\mhweb\App_Code\pagerole_inf.vb
C:\Hosting\mhweb\App_Code\pagerole_key.vb
C:\Hosting\mhweb\App_Code\pagerole_dal.vb
C:\Hosting\mhweb\App_Code\pagerole_row.vb
C:\Hosting\mhweb\App_Code\pagerole_inf_base.vb
C:\Hosting\mhweb\App_Code\pagerole_key_base.vb
C:\Hosting\mhweb\App_Code\pagerole_dal_base.vb
C:\Hosting\mhweb\App_Code\pagerole_row_base.vb
C:\Hosting\mhweb\aspmaker\pagerole_list.aspx
C:\Hosting\mhweb\aspmaker\pagerole_add.aspx
C:\Hosting\mhweb\aspmaker\pagerole_edit.aspx
C:\Hosting\mhweb\aspmaker\pagerole_delete.aspx
C:\Hosting\mhweb\App_Code\pagetype_bll.vb
C:\Hosting\mhweb\App_Code\pagetype_bll_base.vb
C:\Hosting\mhweb\App_Code\pagetype_inf.vb
C:\Hosting\mhweb\App_Code\pagetype_key.vb
C:\Hosting\mhweb\App_Code\pagetype_dal.vb
C:\Hosting\mhweb\App_Code\pagetype_row.vb
C:\Hosting\mhweb\App_Code\pagetype_inf_base.vb
C:\Hosting\mhweb\App_Code\pagetype_key_base.vb
C:\Hosting\mhweb\App_Code\pagetype_dal_base.vb
C:\Hosting\mhweb\App_Code\pagetype_row_base.vb
C:\Hosting\mhweb\aspmaker\pagetype_list.aspx
C:\Hosting\mhweb\aspmaker\pagetype_add.aspx
C:\Hosting\mhweb\aspmaker\pagetype_edit.aspx
C:\Hosting\mhweb\aspmaker\pagetype_delete.aspx
C:\Hosting\mhweb\App_Code\sitetemplate_bll.vb
C:\Hosting\mhweb\App_Code\sitetemplate_bll_base.vb
C:\Hosting\mhweb\App_Code\sitetemplate_inf.vb
C:\Hosting\mhweb\App_Code\sitetemplate_key.vb
C:\Hosting\mhweb\App_Code\sitetemplate_dal.vb
C:\Hosting\mhweb\App_Code\sitetemplate_row.vb
C:\Hosting\mhweb\App_Code\sitetemplate_inf_base.vb
C:\Hosting\mhweb\App_Code\sitetemplate_key_base.vb
C:\Hosting\mhweb\App_Code\sitetemplate_dal_base.vb
C:\Hosting\mhweb\App_Code\sitetemplate_row_base.vb
C:\Hosting\mhweb\aspmaker\sitetemplate_list.aspx
C:\Hosting\mhweb\aspmaker\sitetemplate_add.aspx
C:\Hosting\mhweb\aspmaker\sitetemplate_edit.aspx
C:\Hosting\mhweb\aspmaker\sitetemplate_delete.aspx
C:\Hosting\mhweb\App_Code\sitecategory_bll.vb
C:\Hosting\mhweb\App_Code\sitecategory_bll_base.vb
C:\Hosting\mhweb\App_Code\sitecategory_inf.vb
C:\Hosting\mhweb\App_Code\sitecategory_key.vb
C:\Hosting\mhweb\App_Code\sitecategory_dal.vb
C:\Hosting\mhweb\App_Code\sitecategory_row.vb
C:\Hosting\mhweb\App_Code\sitecategory_inf_base.vb
C:\Hosting\mhweb\App_Code\sitecategory_key_base.vb
C:\Hosting\mhweb\App_Code\sitecategory_dal_base.vb
C:\Hosting\mhweb\App_Code\sitecategory_row_base.vb
C:\Hosting\mhweb\aspmaker\sitecategory_list.aspx
C:\Hosting\mhweb\aspmaker\sitecategory_add.aspx
C:\Hosting\mhweb\aspmaker\sitecategory_edit.aspx
C:\Hosting\mhweb\aspmaker\sitecategory_delete.aspx
C:\Hosting\mhweb\aspmaker\sitecategory_search.aspx
C:\Hosting\mhweb\App_Code\sitecategorygroup_bll.vb
C:\Hosting\mhweb\App_Code\sitecategorygroup_bll_base.vb
C:\Hosting\mhweb\App_Code\sitecategorygroup_inf.vb
C:\Hosting\mhweb\App_Code\sitecategorygroup_key.vb
C:\Hosting\mhweb\App_Code\sitecategorygroup_dal.vb
C:\Hosting\mhweb\App_Code\sitecategorygroup_row.vb
C:\Hosting\mhweb\App_Code\sitecategorygroup_inf_base.vb
C:\Hosting\mhweb\App_Code\sitecategorygroup_key_base.vb
C:\Hosting\mhweb\App_Code\sitecategorygroup_dal_base.vb
C:\Hosting\mhweb\App_Code\sitecategorygroup_row_base.vb
C:\Hosting\mhweb\aspmaker\sitecategorygroup_list.aspx
C:\Hosting\mhweb\aspmaker\sitecategorygroup_add.aspx
C:\Hosting\mhweb\aspmaker\sitecategorygroup_edit.aspx
C:\Hosting\mhweb\aspmaker\sitecategorygroup_delete.aspx
C:\Hosting\mhweb\App_Code\sitecategorytype_bll.vb
C:\Hosting\mhweb\App_Code\sitecategorytype_bll_base.vb
C:\Hosting\mhweb\App_Code\sitecategorytype_inf.vb
C:\Hosting\mhweb\App_Code\sitecategorytype_key.vb
C:\Hosting\mhweb\App_Code\sitecategorytype_dal.vb
C:\Hosting\mhweb\App_Code\sitecategorytype_row.vb
C:\Hosting\mhweb\App_Code\sitecategorytype_inf_base.vb
C:\Hosting\mhweb\App_Code\sitecategorytype_key_base.vb
C:\Hosting\mhweb\App_Code\sitecategorytype_dal_base.vb
C:\Hosting\mhweb\App_Code\sitecategorytype_row_base.vb
C:\Hosting\mhweb\aspmaker\sitecategorytype_list.aspx
C:\Hosting\mhweb\aspmaker\sitecategorytype_add.aspx
C:\Hosting\mhweb\aspmaker\sitecategorytype_edit.aspx
C:\Hosting\mhweb\aspmaker\sitecategorytype_delete.aspx
C:\Hosting\mhweb\App_Code\companysiteparameter_bll.vb
C:\Hosting\mhweb\App_Code\companysiteparameter_bll_base.vb
C:\Hosting\mhweb\App_Code\companysiteparameter_inf.vb
C:\Hosting\mhweb\App_Code\companysiteparameter_key.vb
C:\Hosting\mhweb\App_Code\companysiteparameter_dal.vb
C:\Hosting\mhweb\App_Code\companysiteparameter_row.vb
C:\Hosting\mhweb\App_Code\companysiteparameter_inf_base.vb
C:\Hosting\mhweb\App_Code\companysiteparameter_key_base.vb
C:\Hosting\mhweb\App_Code\companysiteparameter_dal_base.vb
C:\Hosting\mhweb\App_Code\companysiteparameter_row_base.vb
C:\Hosting\mhweb\aspmaker\companysiteparameter_list.aspx
C:\Hosting\mhweb\aspmaker\companysiteparameter_add.aspx
C:\Hosting\mhweb\aspmaker\companysiteparameter_edit.aspx
C:\Hosting\mhweb\aspmaker\companysiteparameter_delete.aspx
C:\Hosting\mhweb\aspmaker\companysiteparameter_search.aspx
C:\Hosting\mhweb\App_Code\siteparametertype_bll.vb
C:\Hosting\mhweb\App_Code\siteparametertype_bll_base.vb
C:\Hosting\mhweb\App_Code\siteparametertype_inf.vb
C:\Hosting\mhweb\App_Code\siteparametertype_key.vb
C:\Hosting\mhweb\App_Code\siteparametertype_dal.vb
C:\Hosting\mhweb\App_Code\siteparametertype_row.vb
C:\Hosting\mhweb\App_Code\siteparametertype_inf_base.vb
C:\Hosting\mhweb\App_Code\siteparametertype_key_base.vb
C:\Hosting\mhweb\App_Code\siteparametertype_dal_base.vb
C:\Hosting\mhweb\App_Code\siteparametertype_row_base.vb
C:\Hosting\mhweb\aspmaker\siteparametertype_list.aspx
C:\Hosting\mhweb\aspmaker\siteparametertype_add.aspx
C:\Hosting\mhweb\aspmaker\siteparametertype_edit.aspx
C:\Hosting\mhweb\aspmaker\siteparametertype_delete.aspx
C:\Hosting\mhweb\aspmaker\siteparametertype_search.aspx
C:\Hosting\mhweb\App_Code\role_bll.vb
C:\Hosting\mhweb\App_Code\role_bll_base.vb
C:\Hosting\mhweb\App_Code\role_inf.vb
C:\Hosting\mhweb\App_Code\role_key.vb
C:\Hosting\mhweb\App_Code\role_dal.vb
C:\Hosting\mhweb\App_Code\role_row.vb
C:\Hosting\mhweb\App_Code\role_inf_base.vb
C:\Hosting\mhweb\App_Code\role_key_base.vb
C:\Hosting\mhweb\App_Code\role_dal_base.vb
C:\Hosting\mhweb\App_Code\role_row_base.vb
C:\Hosting\mhweb\aspmaker\role_list.aspx
C:\Hosting\mhweb\App_Code\message_bll.vb
C:\Hosting\mhweb\App_Code\message_bll_base.vb
C:\Hosting\mhweb\App_Code\message_inf.vb
C:\Hosting\mhweb\App_Code\message_key.vb
C:\Hosting\mhweb\App_Code\message_dal.vb
C:\Hosting\mhweb\App_Code\message_row.vb
C:\Hosting\mhweb\App_Code\message_inf_base.vb
C:\Hosting\mhweb\App_Code\message_key_base.vb
C:\Hosting\mhweb\App_Code\message_dal_base.vb
C:\Hosting\mhweb\App_Code\message_row_base.vb
C:\Hosting\mhweb\aspmaker\message_list.aspx
C:\Hosting\mhweb\App_Code\emailarchive_bll.vb
C:\Hosting\mhweb\App_Code\emailarchive_bll_base.vb
C:\Hosting\mhweb\App_Code\emailarchive_inf.vb
C:\Hosting\mhweb\App_Code\emailarchive_key.vb
C:\Hosting\mhweb\App_Code\emailarchive_dal.vb
C:\Hosting\mhweb\App_Code\emailarchive_row.vb
C:\Hosting\mhweb\App_Code\emailarchive_inf_base.vb
C:\Hosting\mhweb\App_Code\emailarchive_key_base.vb
C:\Hosting\mhweb\App_Code\emailarchive_dal_base.vb
C:\Hosting\mhweb\App_Code\emailarchive_row_base.vb
C:\Hosting\mhweb\aspmaker\emailarchive_list.aspx
C:\Hosting\mhweb\App_Code\sitelink_bll.vb
C:\Hosting\mhweb\App_Code\sitelink_bll_base.vb
C:\Hosting\mhweb\App_Code\sitelink_inf.vb
C:\Hosting\mhweb\App_Code\sitelink_key.vb
C:\Hosting\mhweb\App_Code\sitelink_dal.vb
C:\Hosting\mhweb\App_Code\sitelink_row.vb
C:\Hosting\mhweb\App_Code\sitelink_inf_base.vb
C:\Hosting\mhweb\App_Code\sitelink_key_base.vb
C:\Hosting\mhweb\App_Code\sitelink_dal_base.vb
C:\Hosting\mhweb\App_Code\sitelink_row_base.vb
C:\Hosting\mhweb\aspmaker\sitelink_list.aspx
C:\Hosting\mhweb\aspmaker\sitelink_add.aspx
C:\Hosting\mhweb\aspmaker\sitelink_edit.aspx
C:\Hosting\mhweb\aspmaker\sitelink_view.aspx
C:\Hosting\mhweb\aspmaker\sitelink_delete.aspx
C:\Hosting\mhweb\aspmaker\sitelink_search.aspx
C:\Hosting\mhweb\App_Themes\PMGEN\pmgen.css
C:\Hosting\mhweb\App_Code\db.vb
C:\Hosting\mhweb\App_Code\share.vb
C:\Hosting\mhweb\aspmaker\ewWebService.asmx
C:\Hosting\mhweb\aspmaker\masterpage.master
C:\Hosting\mhweb\aspmaker\default.aspx
C:\Hosting\mhweb\aspmaker\fckeditor\myfckconfig.js
C:\Hosting\mhweb\App_Code\pagealias_bll.vb
C:\Hosting\mhweb\App_Code\pagealias_bll_base.vb
C:\Hosting\mhweb\App_Code\pagealias_inf.vb
C:\Hosting\mhweb\App_Code\pagealias_key.vb
C:\Hosting\mhweb\App_Code\pagealias_dal.vb
C:\Hosting\mhweb\App_Code\pagealias_row.vb
C:\Hosting\mhweb\App_Code\pagealias_inf_base.vb
C:\Hosting\mhweb\App_Code\pagealias_key_base.vb
C:\Hosting\mhweb\App_Code\pagealias_dal_base.vb
C:\Hosting\mhweb\App_Code\pagealias_row_base.vb
C:\Hosting\mhweb\aspmaker\pagealias_list.aspx
C:\Hosting\mhweb\aspmaker\pagealias_add.aspx
C:\Hosting\mhweb\aspmaker\pagealias_edit.aspx
C:\Hosting\mhweb\aspmaker\pagealias_view.aspx
C:\Hosting\mhweb\aspmaker\pagealias_delete.aspx