
C:\hosting\aspmaker7\App_Code\Article_info.vb
C:\hosting\aspmaker7\wpmgen\Article_list.aspx
C:\hosting\aspmaker7\wpmgen\Article_list.aspx.vb
C:\hosting\aspmaker7\wpmgen\Article_add.aspx
C:\hosting\aspmaker7\wpmgen\Article_add.aspx.vb
C:\hosting\aspmaker7\wpmgen\Article_view.aspx
C:\hosting\aspmaker7\wpmgen\Article_view.aspx.vb
C:\hosting\aspmaker7\wpmgen\Article_edit.aspx
C:\hosting\aspmaker7\wpmgen\Article_edit.aspx.vb
C:\hosting\aspmaker7\wpmgen\Article_delete.aspx
C:\hosting\aspmaker7\wpmgen\Article_delete.aspx.vb
C:\hosting\aspmaker7\App_Code\Company_info.vb
C:\hosting\aspmaker7\wpmgen\Company_list.aspx
C:\hosting\aspmaker7\wpmgen\Company_list.aspx.vb
C:\hosting\aspmaker7\wpmgen\Company_add.aspx
C:\hosting\aspmaker7\wpmgen\Company_add.aspx.vb
C:\hosting\aspmaker7\wpmgen\Company_view.aspx
C:\hosting\aspmaker7\wpmgen\Company_view.aspx.vb
C:\hosting\aspmaker7\wpmgen\Company_edit.aspx
C:\hosting\aspmaker7\wpmgen\Company_edit.aspx.vb
C:\hosting\aspmaker7\wpmgen\Company_delete.aspx
C:\hosting\aspmaker7\wpmgen\Company_delete.aspx.vb
C:\hosting\aspmaker7\App_Code\CompanySiteParameter_info.vb
C:\hosting\aspmaker7\wpmgen\CompanySiteParameter_list.aspx
C:\hosting\aspmaker7\wpmgen\CompanySiteParameter_list.aspx.vb
C:\hosting\aspmaker7\wpmgen\CompanySiteParameter_add.aspx
C:\hosting\aspmaker7\wpmgen\CompanySiteParameter_add.aspx.vb
C:\hosting\aspmaker7\wpmgen\CompanySiteParameter_view.aspx
C:\hosting\aspmaker7\wpmgen\CompanySiteParameter_view.aspx.vb
C:\hosting\aspmaker7\wpmgen\CompanySiteParameter_edit.aspx
C:\hosting\aspmaker7\wpmgen\CompanySiteParameter_edit.aspx.vb
C:\hosting\aspmaker7\wpmgen\CompanySiteParameter_delete.aspx
C:\hosting\aspmaker7\wpmgen\CompanySiteParameter_delete.aspx.vb
C:\hosting\aspmaker7\wpmgen\CompanySiteParameter_preview.aspx
C:\hosting\aspmaker7\wpmgen\CompanySiteParameter_preview.aspx.vb
C:\hosting\aspmaker7\App_Code\CompanySiteTypeParameter_info.vb
C:\hosting\aspmaker7\wpmgen\CompanySiteTypeParameter_list.aspx
C:\hosting\aspmaker7\wpmgen\CompanySiteTypeParameter_list.aspx.vb
C:\hosting\aspmaker7\wpmgen\CompanySiteTypeParameter_add.aspx
C:\hosting\aspmaker7\wpmgen\CompanySiteTypeParameter_add.aspx.vb
C:\hosting\aspmaker7\wpmgen\CompanySiteTypeParameter_view.aspx
C:\hosting\aspmaker7\wpmgen\CompanySiteTypeParameter_view.aspx.vb
C:\hosting\aspmaker7\wpmgen\CompanySiteTypeParameter_edit.aspx
C:\hosting\aspmaker7\wpmgen\CompanySiteTypeParameter_edit.aspx.vb
C:\hosting\aspmaker7\wpmgen\CompanySiteTypeParameter_delete.aspx
C:\hosting\aspmaker7\wpmgen\CompanySiteTypeParameter_delete.aspx.vb
C:\hosting\aspmaker7\wpmgen\CompanySiteTypeParameter_preview.aspx
C:\hosting\aspmaker7\wpmgen\CompanySiteTypeParameter_preview.aspx.vb
C:\hosting\aspmaker7\App_Code\Contact_info.vb
C:\hosting\aspmaker7\wpmgen\Contact_list.aspx
C:\hosting\aspmaker7\wpmgen\Contact_list.aspx.vb
C:\hosting\aspmaker7\wpmgen\Contact_add.aspx
C:\hosting\aspmaker7\wpmgen\Contact_add.aspx.vb
C:\hosting\aspmaker7\wpmgen\Contact_view.aspx
C:\hosting\aspmaker7\wpmgen\Contact_view.aspx.vb
C:\hosting\aspmaker7\wpmgen\Contact_edit.aspx
C:\hosting\aspmaker7\wpmgen\Contact_edit.aspx.vb
C:\hosting\aspmaker7\wpmgen\Contact_delete.aspx
C:\hosting\aspmaker7\wpmgen\Contact_delete.aspx.vb
C:\hosting\aspmaker7\App_Code\Group_info.vb
C:\hosting\aspmaker7\wpmgen\Group_list.aspx
C:\hosting\aspmaker7\wpmgen\Group_list.aspx.vb
C:\hosting\aspmaker7\wpmgen\Group_add.aspx
C:\hosting\aspmaker7\wpmgen\Group_add.aspx.vb
C:\hosting\aspmaker7\wpmgen\Group_view.aspx
C:\hosting\aspmaker7\wpmgen\Group_view.aspx.vb
C:\hosting\aspmaker7\wpmgen\Group_edit.aspx
C:\hosting\aspmaker7\wpmgen\Group_edit.aspx.vb
C:\hosting\aspmaker7\wpmgen\Group_delete.aspx
C:\hosting\aspmaker7\wpmgen\Group_delete.aspx.vb
C:\hosting\aspmaker7\App_Code\Image_info.vb
C:\hosting\aspmaker7\wpmgen\Image_list.aspx
C:\hosting\aspmaker7\wpmgen\Image_list.aspx.vb
C:\hosting\aspmaker7\wpmgen\Image_add.aspx
C:\hosting\aspmaker7\wpmgen\Image_add.aspx.vb
C:\hosting\aspmaker7\wpmgen\Image_view.aspx
C:\hosting\aspmaker7\wpmgen\Image_view.aspx.vb
C:\hosting\aspmaker7\wpmgen\Image_edit.aspx
C:\hosting\aspmaker7\wpmgen\Image_edit.aspx.vb
C:\hosting\aspmaker7\wpmgen\Image_delete.aspx
C:\hosting\aspmaker7\wpmgen\Image_delete.aspx.vb
C:\hosting\aspmaker7\App_Code\Link_info.vb
C:\hosting\aspmaker7\wpmgen\Link_list.aspx
C:\hosting\aspmaker7\wpmgen\Link_list.aspx.vb
C:\hosting\aspmaker7\wpmgen\Link_add.aspx
C:\hosting\aspmaker7\wpmgen\Link_add.aspx.vb
C:\hosting\aspmaker7\wpmgen\Link_view.aspx
C:\hosting\aspmaker7\wpmgen\Link_view.aspx.vb
C:\hosting\aspmaker7\wpmgen\Link_edit.aspx
C:\hosting\aspmaker7\wpmgen\Link_edit.aspx.vb
C:\hosting\aspmaker7\wpmgen\Link_delete.aspx
C:\hosting\aspmaker7\wpmgen\Link_delete.aspx.vb
C:\hosting\aspmaker7\App_Code\LinkCategory_info.vb
C:\hosting\aspmaker7\wpmgen\LinkCategory_list.aspx
C:\hosting\aspmaker7\wpmgen\LinkCategory_list.aspx.vb
C:\hosting\aspmaker7\wpmgen\LinkCategory_add.aspx
C:\hosting\aspmaker7\wpmgen\LinkCategory_add.aspx.vb
C:\hosting\aspmaker7\wpmgen\LinkCategory_view.aspx
C:\hosting\aspmaker7\wpmgen\LinkCategory_view.aspx.vb
C:\hosting\aspmaker7\wpmgen\LinkCategory_edit.aspx
C:\hosting\aspmaker7\wpmgen\LinkCategory_edit.aspx.vb
C:\hosting\aspmaker7\wpmgen\LinkCategory_delete.aspx
C:\hosting\aspmaker7\wpmgen\LinkCategory_delete.aspx.vb
C:\hosting\aspmaker7\App_Code\LinkRank_info.vb
C:\hosting\aspmaker7\wpmgen\LinkRank_list.aspx
C:\hosting\aspmaker7\wpmgen\LinkRank_list.aspx.vb
C:\hosting\aspmaker7\wpmgen\LinkRank_add.aspx
C:\hosting\aspmaker7\wpmgen\LinkRank_add.aspx.vb
C:\hosting\aspmaker7\wpmgen\LinkRank_view.aspx
C:\hosting\aspmaker7\wpmgen\LinkRank_view.aspx.vb
C:\hosting\aspmaker7\wpmgen\LinkRank_edit.aspx
C:\hosting\aspmaker7\wpmgen\LinkRank_edit.aspx.vb
C:\hosting\aspmaker7\wpmgen\LinkRank_delete.aspx
C:\hosting\aspmaker7\wpmgen\LinkRank_delete.aspx.vb
C:\hosting\aspmaker7\App_Code\LinkType_info.vb
C:\hosting\aspmaker7\wpmgen\LinkType_list.aspx
C:\hosting\aspmaker7\wpmgen\LinkType_list.aspx.vb
C:\hosting\aspmaker7\wpmgen\LinkType_add.aspx
C:\hosting\aspmaker7\wpmgen\LinkType_add.aspx.vb
C:\hosting\aspmaker7\wpmgen\LinkType_view.aspx
C:\hosting\aspmaker7\wpmgen\LinkType_view.aspx.vb
C:\hosting\aspmaker7\wpmgen\LinkType_edit.aspx
C:\hosting\aspmaker7\wpmgen\LinkType_edit.aspx.vb
C:\hosting\aspmaker7\wpmgen\LinkType_delete.aspx
C:\hosting\aspmaker7\wpmgen\LinkType_delete.aspx.vb
C:\hosting\aspmaker7\App_Code\zPage_info.vb
C:\hosting\aspmaker7\wpmgen\zPage_list.aspx
C:\hosting\aspmaker7\wpmgen\zPage_list.aspx.vb
C:\hosting\aspmaker7\wpmgen\zPage_add.aspx
C:\hosting\aspmaker7\wpmgen\zPage_add.aspx.vb
C:\hosting\aspmaker7\wpmgen\zPage_view.aspx
C:\hosting\aspmaker7\wpmgen\zPage_view.aspx.vb
C:\hosting\aspmaker7\wpmgen\zPage_edit.aspx
C:\hosting\aspmaker7\wpmgen\zPage_edit.aspx.vb
C:\hosting\aspmaker7\wpmgen\zPage_delete.aspx
C:\hosting\aspmaker7\wpmgen\zPage_delete.aspx.vb
C:\hosting\aspmaker7\App_Code\PageAlias_info.vb
C:\hosting\aspmaker7\wpmgen\PageAlias_list.aspx
C:\hosting\aspmaker7\wpmgen\PageAlias_list.aspx.vb
C:\hosting\aspmaker7\wpmgen\PageAlias_add.aspx
C:\hosting\aspmaker7\wpmgen\PageAlias_add.aspx.vb
C:\hosting\aspmaker7\wpmgen\PageAlias_view.aspx
C:\hosting\aspmaker7\wpmgen\PageAlias_view.aspx.vb
C:\hosting\aspmaker7\wpmgen\PageAlias_edit.aspx
C:\hosting\aspmaker7\wpmgen\PageAlias_edit.aspx.vb
C:\hosting\aspmaker7\wpmgen\PageAlias_delete.aspx
C:\hosting\aspmaker7\wpmgen\PageAlias_delete.aspx.vb
C:\hosting\aspmaker7\App_Code\PageImage_info.vb
C:\hosting\aspmaker7\wpmgen\PageImage_list.aspx
C:\hosting\aspmaker7\wpmgen\PageImage_list.aspx.vb
C:\hosting\aspmaker7\wpmgen\PageImage_add.aspx
C:\hosting\aspmaker7\wpmgen\PageImage_add.aspx.vb
C:\hosting\aspmaker7\wpmgen\PageImage_view.aspx
C:\hosting\aspmaker7\wpmgen\PageImage_view.aspx.vb
C:\hosting\aspmaker7\wpmgen\PageImage_edit.aspx
C:\hosting\aspmaker7\wpmgen\PageImage_edit.aspx.vb
C:\hosting\aspmaker7\wpmgen\PageImage_delete.aspx
C:\hosting\aspmaker7\wpmgen\PageImage_delete.aspx.vb
C:\hosting\aspmaker7\App_Code\PageRole_info.vb
C:\hosting\aspmaker7\wpmgen\PageRole_list.aspx
C:\hosting\aspmaker7\wpmgen\PageRole_list.aspx.vb
C:\hosting\aspmaker7\wpmgen\PageRole_add.aspx
C:\hosting\aspmaker7\wpmgen\PageRole_add.aspx.vb
C:\hosting\aspmaker7\wpmgen\PageRole_view.aspx
C:\hosting\aspmaker7\wpmgen\PageRole_view.aspx.vb
C:\hosting\aspmaker7\wpmgen\PageRole_edit.aspx
C:\hosting\aspmaker7\wpmgen\PageRole_edit.aspx.vb
C:\hosting\aspmaker7\wpmgen\PageRole_delete.aspx
C:\hosting\aspmaker7\wpmgen\PageRole_delete.aspx.vb
C:\hosting\aspmaker7\App_Code\PageType_info.vb
C:\hosting\aspmaker7\wpmgen\PageType_list.aspx
C:\hosting\aspmaker7\wpmgen\PageType_list.aspx.vb
C:\hosting\aspmaker7\wpmgen\PageType_add.aspx
C:\hosting\aspmaker7\wpmgen\PageType_add.aspx.vb
C:\hosting\aspmaker7\wpmgen\PageType_view.aspx
C:\hosting\aspmaker7\wpmgen\PageType_view.aspx.vb
C:\hosting\aspmaker7\wpmgen\PageType_edit.aspx
C:\hosting\aspmaker7\wpmgen\PageType_edit.aspx.vb
C:\hosting\aspmaker7\wpmgen\PageType_delete.aspx
C:\hosting\aspmaker7\wpmgen\PageType_delete.aspx.vb
C:\hosting\aspmaker7\App_Code\role_info.vb
C:\hosting\aspmaker7\wpmgen\role_list.aspx
C:\hosting\aspmaker7\wpmgen\role_list.aspx.vb
C:\hosting\aspmaker7\wpmgen\role_add.aspx
C:\hosting\aspmaker7\wpmgen\role_add.aspx.vb
C:\hosting\aspmaker7\wpmgen\role_view.aspx
C:\hosting\aspmaker7\wpmgen\role_view.aspx.vb
C:\hosting\aspmaker7\wpmgen\role_edit.aspx
C:\hosting\aspmaker7\wpmgen\role_edit.aspx.vb
C:\hosting\aspmaker7\wpmgen\role_delete.aspx
C:\hosting\aspmaker7\wpmgen\role_delete.aspx.vb
C:\hosting\aspmaker7\App_Code\SiteCategory_info.vb
C:\hosting\aspmaker7\wpmgen\SiteCategory_list.aspx
C:\hosting\aspmaker7\wpmgen\SiteCategory_list.aspx.vb
C:\hosting\aspmaker7\wpmgen\SiteCategory_add.aspx
C:\hosting\aspmaker7\wpmgen\SiteCategory_add.aspx.vb
C:\hosting\aspmaker7\wpmgen\SiteCategory_view.aspx
C:\hosting\aspmaker7\wpmgen\SiteCategory_view.aspx.vb
C:\hosting\aspmaker7\wpmgen\SiteCategory_edit.aspx
C:\hosting\aspmaker7\wpmgen\SiteCategory_edit.aspx.vb
C:\hosting\aspmaker7\wpmgen\SiteCategory_delete.aspx
C:\hosting\aspmaker7\wpmgen\SiteCategory_delete.aspx.vb
C:\hosting\aspmaker7\App_Code\SiteCategoryGroup_info.vb
C:\hosting\aspmaker7\wpmgen\SiteCategoryGroup_list.aspx
C:\hosting\aspmaker7\wpmgen\SiteCategoryGroup_list.aspx.vb
C:\hosting\aspmaker7\wpmgen\SiteCategoryGroup_add.aspx
C:\hosting\aspmaker7\wpmgen\SiteCategoryGroup_add.aspx.vb
C:\hosting\aspmaker7\wpmgen\SiteCategoryGroup_view.aspx
C:\hosting\aspmaker7\wpmgen\SiteCategoryGroup_view.aspx.vb
C:\hosting\aspmaker7\wpmgen\SiteCategoryGroup_edit.aspx
C:\hosting\aspmaker7\wpmgen\SiteCategoryGroup_edit.aspx.vb
C:\hosting\aspmaker7\wpmgen\SiteCategoryGroup_delete.aspx
C:\hosting\aspmaker7\wpmgen\SiteCategoryGroup_delete.aspx.vb
C:\hosting\aspmaker7\App_Code\SiteCategoryType_info.vb
C:\hosting\aspmaker7\wpmgen\SiteCategoryType_list.aspx
C:\hosting\aspmaker7\wpmgen\SiteCategoryType_list.aspx.vb
C:\hosting\aspmaker7\wpmgen\SiteCategoryType_add.aspx
C:\hosting\aspmaker7\wpmgen\SiteCategoryType_add.aspx.vb
C:\hosting\aspmaker7\wpmgen\SiteCategoryType_view.aspx
C:\hosting\aspmaker7\wpmgen\SiteCategoryType_view.aspx.vb
C:\hosting\aspmaker7\wpmgen\SiteCategoryType_edit.aspx
C:\hosting\aspmaker7\wpmgen\SiteCategoryType_edit.aspx.vb
C:\hosting\aspmaker7\wpmgen\SiteCategoryType_delete.aspx
C:\hosting\aspmaker7\wpmgen\SiteCategoryType_delete.aspx.vb
C:\hosting\aspmaker7\App_Code\SiteLink_info.vb
C:\hosting\aspmaker7\wpmgen\SiteLink_list.aspx
C:\hosting\aspmaker7\wpmgen\SiteLink_list.aspx.vb
C:\hosting\aspmaker7\wpmgen\SiteLink_add.aspx
C:\hosting\aspmaker7\wpmgen\SiteLink_add.aspx.vb
C:\hosting\aspmaker7\wpmgen\SiteLink_view.aspx
C:\hosting\aspmaker7\wpmgen\SiteLink_view.aspx.vb
C:\hosting\aspmaker7\wpmgen\SiteLink_edit.aspx
C:\hosting\aspmaker7\wpmgen\SiteLink_edit.aspx.vb
C:\hosting\aspmaker7\wpmgen\SiteLink_delete.aspx
C:\hosting\aspmaker7\wpmgen\SiteLink_delete.aspx.vb
C:\hosting\aspmaker7\App_Code\SiteParameterType_info.vb
C:\hosting\aspmaker7\wpmgen\SiteParameterType_master.ascx
C:\hosting\aspmaker7\wpmgen\SiteParameterType_master.ascx.vb
C:\hosting\aspmaker7\wpmgen\SiteParameterType_list.aspx
C:\hosting\aspmaker7\wpmgen\SiteParameterType_list.aspx.vb
C:\hosting\aspmaker7\wpmgen\SiteParameterType_add.aspx
C:\hosting\aspmaker7\wpmgen\SiteParameterType_add.aspx.vb
C:\hosting\aspmaker7\wpmgen\SiteParameterType_view.aspx
C:\hosting\aspmaker7\wpmgen\SiteParameterType_view.aspx.vb
C:\hosting\aspmaker7\wpmgen\SiteParameterType_edit.aspx
C:\hosting\aspmaker7\wpmgen\SiteParameterType_edit.aspx.vb
C:\hosting\aspmaker7\wpmgen\SiteParameterType_delete.aspx
C:\hosting\aspmaker7\wpmgen\SiteParameterType_delete.aspx.vb
C:\hosting\aspmaker7\App_Code\SiteTemplate_info.vb
C:\hosting\aspmaker7\wpmgen\SiteTemplate_list.aspx
C:\hosting\aspmaker7\wpmgen\SiteTemplate_list.aspx.vb
C:\hosting\aspmaker7\wpmgen\SiteTemplate_add.aspx
C:\hosting\aspmaker7\wpmgen\SiteTemplate_add.aspx.vb
C:\hosting\aspmaker7\wpmgen\SiteTemplate_view.aspx
C:\hosting\aspmaker7\wpmgen\SiteTemplate_view.aspx.vb
C:\hosting\aspmaker7\wpmgen\SiteTemplate_edit.aspx
C:\hosting\aspmaker7\wpmgen\SiteTemplate_edit.aspx.vb
C:\hosting\aspmaker7\wpmgen\SiteTemplate_delete.aspx
C:\hosting\aspmaker7\wpmgen\SiteTemplate_delete.aspx.vb
C:\hosting\aspmaker7\wpmgen\WPMGen.css
C:\hosting\aspmaker7\wpmgen\js\ewx7.js
C:\hosting\aspmaker7\App_Code\ewcfg7.vb
C:\hosting\aspmaker7\App_Code\ewglobal7.vb
C:\hosting\aspmaker7\wpmgen\masterpage.master
C:\hosting\aspmaker7\wpmgen\masterpage.master.vb
C:\hosting\aspmaker7\wpmgen\ewmenu.ascx
C:\hosting\aspmaker7\wpmgen\ewmenu.ascx.vb
C:\hosting\aspmaker7\App_Code\aspxfn7.vb
C:\hosting\aspmaker7\wpmgen\js\userfnx7.js
C:\hosting\aspmaker7\wpmgen\ewbv7.aspx
C:\hosting\aspmaker7\wpmgen\ewbv7.aspx.vb
C:\hosting\aspmaker7\wpmgen\ewlookup7.aspx
C:\hosting\aspmaker7\wpmgen\ewlookup7.aspx.vb
C:\hosting\aspmaker7\wpmgen\default.aspx
C:\hosting\aspmaker7\wpmgen\default.aspx.vb
C:\hosting\aspmaker7\wpmgen\Article_srch.aspx
C:\hosting\aspmaker7\wpmgen\Article_srch.aspx.vb
C:\hosting\aspmaker7\wpmgen\Company_srch.aspx
C:\hosting\aspmaker7\wpmgen\Company_srch.aspx.vb
C:\hosting\aspmaker7\wpmgen\CompanySiteParameter_srch.aspx
C:\hosting\aspmaker7\wpmgen\CompanySiteParameter_srch.aspx.vb
C:\hosting\aspmaker7\wpmgen\CompanySiteTypeParameter_srch.aspx
C:\hosting\aspmaker7\wpmgen\CompanySiteTypeParameter_srch.aspx.vb
C:\hosting\aspmaker7\wpmgen\Contact_srch.aspx
C:\hosting\aspmaker7\wpmgen\Contact_srch.aspx.vb
C:\hosting\aspmaker7\wpmgen\Group_srch.aspx
C:\hosting\aspmaker7\wpmgen\Group_srch.aspx.vb
C:\hosting\aspmaker7\wpmgen\Image_srch.aspx
C:\hosting\aspmaker7\wpmgen\Image_srch.aspx.vb
C:\hosting\aspmaker7\wpmgen\Link_srch.aspx
C:\hosting\aspmaker7\wpmgen\Link_srch.aspx.vb
C:\hosting\aspmaker7\wpmgen\LinkCategory_srch.aspx
C:\hosting\aspmaker7\wpmgen\LinkCategory_srch.aspx.vb
C:\hosting\aspmaker7\wpmgen\LinkRank_srch.aspx
C:\hosting\aspmaker7\wpmgen\LinkRank_srch.aspx.vb
C:\hosting\aspmaker7\wpmgen\LinkType_srch.aspx
C:\hosting\aspmaker7\wpmgen\LinkType_srch.aspx.vb
C:\hosting\aspmaker7\App_Code\zMessage_info.vb
C:\hosting\aspmaker7\wpmgen\zMessage_list.aspx
C:\hosting\aspmaker7\wpmgen\zMessage_list.aspx.vb
C:\hosting\aspmaker7\wpmgen\zMessage_add.aspx
C:\hosting\aspmaker7\wpmgen\zMessage_add.aspx.vb
C:\hosting\aspmaker7\wpmgen\zMessage_view.aspx
C:\hosting\aspmaker7\wpmgen\zMessage_view.aspx.vb
C:\hosting\aspmaker7\wpmgen\zMessage_edit.aspx
C:\hosting\aspmaker7\wpmgen\zMessage_edit.aspx.vb
C:\hosting\aspmaker7\wpmgen\zMessage_delete.aspx
C:\hosting\aspmaker7\wpmgen\zMessage_delete.aspx.vb
C:\hosting\aspmaker7\wpmgen\zMessage_srch.aspx
C:\hosting\aspmaker7\wpmgen\zMessage_srch.aspx.vb
C:\hosting\aspmaker7\wpmgen\zPage_srch.aspx
C:\hosting\aspmaker7\wpmgen\zPage_srch.aspx.vb
C:\hosting\aspmaker7\wpmgen\PageAlias_srch.aspx
C:\hosting\aspmaker7\wpmgen\PageAlias_srch.aspx.vb
C:\hosting\aspmaker7\wpmgen\PageImage_srch.aspx
C:\hosting\aspmaker7\wpmgen\PageImage_srch.aspx.vb
C:\hosting\aspmaker7\wpmgen\PageRole_srch.aspx
C:\hosting\aspmaker7\wpmgen\PageRole_srch.aspx.vb
C:\hosting\aspmaker7\wpmgen\PageType_srch.aspx
C:\hosting\aspmaker7\wpmgen\PageType_srch.aspx.vb
C:\hosting\aspmaker7\wpmgen\role_srch.aspx
C:\hosting\aspmaker7\wpmgen\role_srch.aspx.vb
C:\hosting\aspmaker7\wpmgen\SiteCategory_srch.aspx
C:\hosting\aspmaker7\wpmgen\SiteCategory_srch.aspx.vb
C:\hosting\aspmaker7\wpmgen\SiteCategoryGroup_srch.aspx
C:\hosting\aspmaker7\wpmgen\SiteCategoryGroup_srch.aspx.vb
C:\hosting\aspmaker7\wpmgen\SiteCategoryType_srch.aspx
C:\hosting\aspmaker7\wpmgen\SiteCategoryType_srch.aspx.vb
C:\hosting\aspmaker7\wpmgen\SiteLink_srch.aspx
C:\hosting\aspmaker7\wpmgen\SiteLink_srch.aspx.vb
C:\hosting\aspmaker7\wpmgen\SiteParameterType_srch.aspx
C:\hosting\aspmaker7\wpmgen\SiteParameterType_srch.aspx.vb
C:\hosting\aspmaker7\wpmgen\SiteTemplate_srch.aspx
C:\hosting\aspmaker7\wpmgen\SiteTemplate_srch.aspx.vb
C:\hosting\aspmaker7\wpmgen\SiteCategory_preview.aspx
C:\hosting\aspmaker7\wpmgen\SiteCategory_preview.aspx.vb
C:\hosting\aspmaker7\wpmgen\SiteCategoryType_master.ascx
C:\hosting\aspmaker7\wpmgen\SiteCategoryType_master.ascx.vb